<?xml version="1.0" encoding="UTF-8"?>
<!-- Generated by org.testng.reporters.JUnitXMLReporter -->
<testsuite ignored="0" hostname="RAIAANs-Air.fios-router.home" failures="1" tests="3" name="Complete test run" time="17.544" errors="0" timestamp="2020-08-17T16:00:17 EDT">
  <testcase classname="io.cucumber.testng.AbstractTestNGCucumberTests" name="runScenario" time="8.679">
    <failure type="java.lang.AssertionError" message="expected [false] but found [true]">
      <![CDATA[java.lang.AssertionError: expected [false] but found [true]
at org.suborg.project.teamname.stepdefinition.DemoFeature1Step.yet_another_action(DemoFeature1Step.java:53)
at âœ½._1df1 yet another action(file:///Users/smr1/Documents/AutomationTemplatePersonal/project/test-framework-template/src/test/resources/features/DemoFeature1.feature:29)
... Removed 4 stack frames]]>
    </failure>
  </testcase> <!-- runScenario -->
  <testcase classname="io.cucumber.testng.AbstractTestNGCucumberTests" name="runScenario" time="15.229"/>
  <testcase classname="io.cucumber.testng.AbstractTestNGCucumberTests" name="runScenario" time="15.229"/>
</testsuite> <!-- Complete test run -->
